<?xml version="1.0" encoding="UTF-8"?>
<!-- Generated by org.testng.reporters.JUnitXMLReporter -->
<testsuite ignored="0" hostname="Rajat_B" failures="0" tests="4" name="Default test" time="7.21" errors="0" timestamp="2024-02-01T16:31:45 IST">
  <testcase classname="api.test.userTest" name="testPostUser" time="3.251"/>
  <testcase classname="api.test.userTest" name="testGetUserByName" time="0.937"/>
  <testcase classname="api.test.userTest" name="testUpdateUserByName" time="1.807"/>
  <testcase classname="api.test.userTest" name="testDeleteUserByName" time="0.913"/>
</testsuite> <!-- Default test -->
