<?xml version="1.0" encoding="UTF-8"?>
<testng-results ignored="0" total="4" passed="4" failed="0" skipped="0">
  <reporter-output>
  </reporter-output>
  <suite started-at="2024-02-01T16:31:38 IST" name="Default suite" finished-at="2024-02-01T16:31:45 IST" duration-ms="7210">
    <groups>
    </groups>
    <test started-at="2024-02-01T16:31:38 IST" name="Default test" finished-at="2024-02-01T16:31:45 IST" duration-ms="7210">
      <class name="api.test.userTest">
        <test-method is-config="true" signature="setupdata()[pri:0, instance:api.test.userTest@2ddc9a9f]" started-at="2024-02-01T16:31:38 IST" name="setupdata" finished-at="2024-02-01T16:31:38 IST" duration-ms="243" status="PASS">
          <reporter-output>
          </reporter-output>
        </test-method> <!-- setupdata -->
        <test-method signature="testPostUser()[pri:1, instance:api.test.userTest@2ddc9a9f]" started-at="2024-02-01T16:31:38 IST" name="testPostUser" finished-at="2024-02-01T16:31:41 IST" duration-ms="3251" status="PASS">
          <reporter-output>
          </reporter-output>
        </test-method> <!-- testPostUser -->
        <test-method signature="testGetUserByName()[pri:2, instance:api.test.userTest@2ddc9a9f]" started-at="2024-02-01T16:31:41 IST" name="testGetUserByName" finished-at="2024-02-01T16:31:42 IST" duration-ms="937" status="PASS">
          <reporter-output>
          </reporter-output>
        </test-method> <!-- testGetUserByName -->
        <test-method signature="testUpdateUserByName()[pri:3, instance:api.test.userTest@2ddc9a9f]" started-at="2024-02-01T16:31:42 IST" name="testUpdateUserByName" finished-at="2024-02-01T16:31:44 IST" duration-ms="1807" status="PASS">
          <reporter-output>
          </reporter-output>
        </test-method> <!-- testUpdateUserByName -->
        <test-method signature="testDeleteUserByName()[pri:4, instance:api.test.userTest@2ddc9a9f]" started-at="2024-02-01T16:31:44 IST" name="testDeleteUserByName" finished-at="2024-02-01T16:31:45 IST" duration-ms="913" status="PASS">
          <reporter-output>
          </reporter-output>
        </test-method> <!-- testDeleteUserByName -->
      </class> <!-- api.test.userTest -->
    </test> <!-- Default test -->
  </suite> <!-- Default suite -->
</testng-results>
